\BOOKMARK [0][-]{chineseabstract.0}{中文摘要}{}% 1
\BOOKMARK [0][-]{toc.0}{目录}{}% 2
\BOOKMARK [0][-]{chapter.1}{第一章 绪 论}{}% 3
\BOOKMARK [1][-]{section.1.1}{1.1 研究问题的背景}{chapter.1}% 4
\BOOKMARK [1][-]{section.1.2}{1.2 研究问题的意义}{chapter.1}% 5
\BOOKMARK [1][-]{section.1.3}{1.3 本文应用的主要算法}{chapter.1}% 6
\BOOKMARK [0][-]{chapter.2}{第二章 问题建模}{}% 7
\BOOKMARK [1][-]{section.2.1}{2.1 问题建模}{chapter.2}% 8
\BOOKMARK [1][-]{section.2.2}{2.2 符号表示}{chapter.2}% 9
\BOOKMARK [0][-]{chapter.3}{第三章 蒙特·卡罗解法}{}% 10
\BOOKMARK [1][-]{section.3.1}{3.1 蒙特·卡洛方法介绍}{chapter.3}% 11
\BOOKMARK [2][-]{subsection.3.1.1}{3.1.1 算法分析}{section.3.1}% 12
\BOOKMARK [2][-]{subsection.3.1.2}{3.1.2 实现过程}{section.3.1}% 13
\BOOKMARK [1][-]{section.3.2}{3.2 伪代码}{chapter.3}% 14
\BOOKMARK [0][-]{chapter.4}{第四章 问题一：期望的计算}{}% 15
\BOOKMARK [1][-]{section.4.1}{4.1 问题分析}{chapter.4}% 16
\BOOKMARK [1][-]{section.4.2}{4.2 从特殊到一般：卡片概率相同的特殊情况}{chapter.4}% 17
\BOOKMARK [1][-]{section.4.3}{4.3 动态规划}{chapter.4}% 18
\BOOKMARK [2][-]{subsection.4.3.1}{4.3.1 状态表示}{section.4.3}% 19
\BOOKMARK [2][-]{subsection.4.3.2}{4.3.2 转移方程}{section.4.3}% 20
\BOOKMARK [2][-]{subsection.4.3.3}{4.3.3 算法分析}{section.4.3}% 21
\BOOKMARK [2][-]{subsection.4.3.4}{4.3.4 简单代码}{section.4.3}% 22
\BOOKMARK [0][-]{chapter.5}{第五章 问题二：限制抽取次数求集齐概率}{}% 23
\BOOKMARK [1][-]{section.5.1}{5.1 问题分析}{chapter.5}% 24
\BOOKMARK [1][-]{section.5.2}{5.2 从特殊到一般：卡片概率相同的特殊情况}{chapter.5}% 25
\BOOKMARK [1][-]{section.5.3}{5.3 动态规划解法}{chapter.5}% 26
\BOOKMARK [2][-]{subsection.5.3.1}{5.3.1 状态定义}{section.5.3}% 27
\BOOKMARK [2][-]{subsection.5.3.2}{5.3.2 状态转移}{section.5.3}% 28
\BOOKMARK [2][-]{subsection.5.3.3}{5.3.3 算法分析}{section.5.3}% 29
\BOOKMARK [1][-]{section.5.4}{5.4 生成函数与快速傅里叶变换}{chapter.5}% 30
\BOOKMARK [2][-]{subsection.5.4.1}{5.4.1 问题分析}{section.5.4}% 31
\BOOKMARK [1][-]{section.5.5}{5.5 多项式乘法}{chapter.5}% 32
\BOOKMARK [1][-]{section.5.6}{5.6 多项式除法与多项式求逆}{chapter.5}% 33
\BOOKMARK [0][-]{chapter.6}{第六章 总结}{}% 34
\BOOKMARK [1][-]{section.6.1}{6.1 解法对比}{chapter.6}% 35
\BOOKMARK [1][-]{section.6.2}{6.2 总结}{chapter.6}% 36
